<?xml version="1.0" encoding="UTF-8"?>
<!-- Generated by org.testng.reporters.JUnitReportReporter -->
<testsuite hostname="Biswojit" failures="0" tests="1" name="testCases.TC_002_LoginTest" time="5.627" errors="0" timestamp="2023-02-13T19:12:52 IST" skipped="0">
  <testcase classname="testCases.TC_002_LoginTest" name="test_Login" time="5.627"/>
  <system-out/>
</testsuite> <!-- testCases.TC_002_LoginTest -->
