<?xml version="1.0" encoding="UTF-8"?>
<!-- Generated by org.testng.reporters.JUnitReportReporter -->
<testsuite hostname="Biswojit" failures="0" tests="1" name="testCases.TC_001_AccountRegistrationtTest" time="5.831" errors="0" timestamp="2023-02-16T19:57:46 IST" skipped="0">
  <testcase classname="testCases.TC_001_AccountRegistrationtTest" name="test_account_Registration" time="5.831"/>
  <system-out/>
</testsuite> <!-- testCases.TC_001_AccountRegistrationtTest -->
